#
# A fatal error has been detected by the Java Runtime Environment:
#
#  SIGSEGV (0xb) at pc=0xb70e2a68, pid=5700, tid=2744122176
#
# JRE version: Java(TM) SE Runtime Environment (8.0_25-b17) (build 1.8.0_25-b17)
# Java VM: Java HotSpot(TM) Client VM (25.25-b02 mixed mode linux-x86 )
# Problematic frame:
# V  [libjvm.so+0x578a68]  interpretedVFrame::monitors() const+0x158
#
# Failed to write core dump. Core dumps have been disabled. To enable core dumping, try "ulimit -c unlimited" before starting Java again
#
# If you would like to submit a bug report, please visit:
#   http://bugreport.sun.com/bugreport/crash.jsp
#

---------------  T H R E A D  ---------------

Current thread (0xb6986c00):  JavaThread "JDWP Transport Listener: dt_socket" daemon [_thread_in_vm, id=5713, stack(0xa38af000,0xa3900000)]

siginfo: si_signo: 11 (SIGSEGV), si_code: 2 (SEGV_ACCERR), si_addr: 0xb6ad5ffc

Registers:
EAX=0xa46803b8, EBX=0xb718b7ec, ECX=0x00000000, EDX=0xb6ad5ff8
ESP=0xa38fec10, EBP=0xa38feca8, ESI=0xb69872bc, EDI=0xa38fec6c
EIP=0xb70e2a68, EFLAGS=0x00010202, CR2=0xb6ad5ffc

Top of Stack: (sp=0xa38fec10)
0xa38fec10:   ffffffff b6987440 a38fec54 a38fec54
0xa38fec20:   b69872a4 ffffffff 00000008 ffffffff
0xa38fec30:   a37ac8f8 b6ad5ff8 b4601010 b6b22ed0
0xa38fec40:   b47041b4 b4702948 00000000 b6b22ef8
0xa38fec50:   b6b22ed8 b6b22ed0 b47041b4 b4702948
0xa38fec60:   00000000 b6b22ef8 b6b22ed8 b6b22ed0
0xa38fec70:   b47041b4 b4702948 00000000 b6b22ef8
0xa38fec80:   b6b22ed8 b6b22ed0 b47041b4 b4702948 

Instructions: (pc=0xb70e2a68)
0xb70e2a48:   85 70 ff ff ff 89 85 74 ff ff ff 50 e8 e7 2c cb
0xb70e2a58:   ff 83 c4 10 39 45 8c 0f 82 0b 01 00 00 8b 55 8c
0xb70e2a68:   8b 7a 04 50 50 6a 00 6a 10 e8 1a 29 f4 ff 83 c4
0xb70e2a78:   10 89 45 88 85 c0 74 17 89 38 c7 40 08 00 00 00 

Register to memory mapping:

EAX=
[error occurred during error reporting (printing register info), id 0xb]

Stack: [0xa38af000,0xa3900000],  sp=0xa38fec10,  free space=319k
Native frames: (J=compiled Java code, j=interpreted, Vv=VM code, C=native code)
V  [libjvm.so+0x578a68]  interpretedVFrame::monitors() const+0x158
V  [libjvm.so+0x391c75]  JvmtiEnvBase::get_locked_objects_in_frame(JavaThread*, JavaThread*, javaVFrame*, GrowableArray<_jvmtiMonitorStackDepthInfo*>*, int)+0x55
V  [libjvm.so+0x3938fa]  JvmtiEnvBase::get_owned_monitors(JavaThread*, JavaThread*, GrowableArray<_jvmtiMonitorStackDepthInfo*>*)+0xfa
V  [libjvm.so+0x388d2a]  JvmtiEnv::GetOwnedMonitorInfo(JavaThread*, int*, _jobject***)+0xba
V  [libjvm.so+0x37a3d6]  jvmti_GetOwnedMonitorInfo+0x2e6
C  [libjdwp.so+0xa610]  ownedMonitors+0xd0
C  [libjdwp.so+0x128a3]  debugLoop_run+0x303
C  [libjdwp.so+0x2748f]  connectionInitiated+0xbf
C  [libjdwp.so+0x274d0]  attachThread+0x30
V  [libjvm.so+0x3a48d1]  JvmtiAgentThread::call_start_function()+0xc1
V  [libjvm.so+0x54a029]  JavaThread::thread_main_inner()+0x109
V  [libjvm.so+0x54a1ab]  JavaThread::run()+0x14b
V  [libjvm.so+0x4729d9]  java_start(Thread*)+0x119
C  [libpthread.so.0+0x6f70]  start_thread+0xd0
C  [libc.so.6+0xec47e]  clone+0x5e


---------------  P R O C E S S  ---------------

Java Threads: ( => current thread )
  0xb699f800 JavaThread "Service Thread" daemon [_thread_blocked, id=5721, stack(0xa362e000,0xa367f000)]
  0xb698c000 JavaThread "C1 CompilerThread0" daemon [_thread_blocked, id=5720, stack(0xa367f000,0xa3700000)]
  0xa3700800 JavaThread "JDWP Command Reader" daemon [_thread_in_native, id=5717, stack(0xa380d000,0xa385e000)]
  0xb698ac00 JavaThread "JDWP Event Helper Thread" daemon [_thread_blocked, id=5716, stack(0xa385e000,0xa38af000)]
=>0xb6986c00 JavaThread "JDWP Transport Listener: dt_socket" daemon [_thread_in_vm, id=5713, stack(0xa38af000,0xa3900000)]
  0xb697e800 JavaThread "Signal Dispatcher" daemon [_thread_blocked, id=5711, stack(0xa3c0d000,0xa3c5e000)]
  0xb6962400 JavaThread "Finalizer" daemon [_thread_blocked, id=5709, stack(0xa3c5e000,0xa3caf000)]
  0xb6960c00 JavaThread "Reference Handler" daemon [_thread_blocked, id=5708, stack(0xa3caf000,0xa3d00000)]
  0xb6908400 JavaThread "main" [_thread_blocked, id=5706, stack(0xb6ad3000,0xb6b24000)]

Other Threads:
  0xb695cc00 VMThread [stack: 0xa3e32000,0xa3eb3000] [id=5707]
  0xb69a1400 WatcherThread [stack: 0xa347f000,0xa3500000] [id=5722]

VM state:not at safepoint (normal execution)

VM Mutex/Monitor currently owned by a thread: None

Heap:
 def new generation   total 4928K, used 554K [0xa4600000, 0xa4b50000, 0xa9b50000)
  eden space 4416K,  12% used [0xa4600000, 0xa468a948, 0xa4a50000)
  from space 512K,   0% used [0xa4a50000, 0xa4a50000, 0xa4ad0000)
  to   space 512K,   0% used [0xa4ad0000, 0xa4ad0000, 0xa4b50000)
 tenured generation   total 10944K, used 0K [0xa9b50000, 0xaa600000, 0xb4600000)
   the space 10944K,   0% used [0xa9b50000, 0xa9b50000, 0xa9b50200, 0xaa600000)
 Metaspace       used 1601K, capacity 2240K, committed 2328K, reserved 4400K

Card table byte_map: [0xa457f000,0xa4600000] byte_map_base: 0xa405c000

Polling page: 0xb77bc000

CodeCache: size=32768Kb used=657Kb max_used=657Kb free=32110Kb
 bounds [0xb4700000, 0xb47a8000, 0xb6700000]
 total_blobs=134 nmethods=7 adapters=68
 compilation: enabled

Compilation events (10 events):
Event: 0.134 Thread 0xb698c000    3             java.lang.String::indexOf (70 bytes)
Event: 0.134 Thread 0xb698c000 nmethod 3 0xb47a3188 code [0xb47a32a0, 0xb47a33dc]
Event: 0.134 Thread 0xb698c000    4             java.lang.Object::<init> (1 bytes)
Event: 0.134 Thread 0xb698c000 nmethod 4 0xb47a34c8 code [0xb47a35c0, 0xb47a3650]
Event: 0.134 Thread 0xb698c000    5             java.lang.String::charAt (29 bytes)
Event: 0.134 Thread 0xb698c000 nmethod 5 0xb47a36c8 code [0xb47a37e0, 0xb47a38dc]
Event: 0.134 Thread 0xb698c000    6             sun.nio.cs.UTF_8$Encoder::encode (359 bytes)
Event: 0.135 Thread 0xb698c000 nmethod 6 0xb47a39c8 code [0xb47a3b10, 0xb47a3f58]
Event: 0.135 Thread 0xb698c000    7             java.lang.String::lastIndexOf (52 bytes)
Event: 0.135 Thread 0xb698c000 nmethod 7 0xb47a44c8 code [0xb47a45d0, 0xb47a46ec]

GC Heap History (0 events):
No events

Deoptimization events (0 events):
No events

Internal exceptions (3 events):
Event: 0.031 Thread 0xb6908400 Exception <a 'java/lang/NoSuchMethodError': Method sun.misc.Unsafe.defineClass(Ljava/lang/String;[BII)Ljava/lang/Class; name or signature does not match> (0xa460f718) thrown at [/HUDSON/workspace/8-2-build-linux-i586/jdk8u25/1514/hotspot/src/share/vm/prim
Event: 0.031 Thread 0xb6908400 Exception <a 'java/lang/NoSuchMethodError': Method sun.misc.Unsafe.prefetchRead(Ljava/lang/Object;J)V name or signature does not match> (0xa460f998) thrown at [/HUDSON/workspace/8-2-build-linux-i586/jdk8u25/1514/hotspot/src/share/vm/prims/jni.cpp, line 39
Event: 0.134 Thread 0xb6908400 Exception <a 'java/security/PrivilegedActionException'> (0xa467a798) thrown at [/HUDSON/workspace/8-2-build-linux-i586/jdk8u25/1514/hotspot/src/share/vm/prims/jvm.cpp, line 1312]

Events (10 events):
Event: 1087.291 Executing VM operation: RedefineClasses
Event: 1087.291 Executing VM operation: RedefineClasses done
Event: 1087.294 Executing VM operation: EnterInterpOnlyMode
Event: 1087.294 Executing VM operation: EnterInterpOnlyMode done
Event: 1087.294 Executing VM operation: GetCurrentLocation
Event: 1087.294 Executing VM operation: GetCurrentLocation done
Event: 1087.294 Executing VM operation: ChangeSingleStep
Event: 1087.294 Executing VM operation: ChangeSingleStep done
Event: 1087.295 Executing VM operation: ChangeSingleStep
Event: 1087.295 Executing VM operation: ChangeSingleStep done


Dynamic libraries:
08048000-08049000 r-xp 00000000 08:01 143189     /usr/lib/jvm/java-8-oracle/jre/bin/java
08049000-0804a000 rw-p 00000000 08:01 143189     /usr/lib/jvm/java-8-oracle/jre/bin/java
0969f000-096c0000 rw-p 00000000 00:00 0          [heap]
a3317000-a347f000 rw-p 00000000 00:00 0 
a347f000-a3480000 ---p 00000000 00:00 0 
a3480000-a3500000 rw-p 00000000 00:00 0          [stack:5722]
a3500000-a3521000 rw-p 00000000 00:00 0 
a3521000-a3600000 ---p 00000000 00:00 0 
a362e000-a3631000 ---p 00000000 00:00 0 
a3631000-a367f000 rw-p 00000000 00:00 0          [stack:5721]
a367f000-a3682000 ---p 00000000 00:00 0 
a3682000-a3700000 rw-p 00000000 00:00 0          [stack:5720]
a3700000-a37ca000 rw-p 00000000 00:00 0 
a37ca000-a3800000 ---p 00000000 00:00 0 
a380d000-a3810000 ---p 00000000 00:00 0 
a3810000-a385e000 rw-p 00000000 00:00 0          [stack:5717]
a385e000-a3861000 ---p 00000000 00:00 0 
a3861000-a38af000 rw-p 00000000 00:00 0          [stack:5716]
a38af000-a38b2000 ---p 00000000 00:00 0 
a38b2000-a3900000 rw-p 00000000 00:00 0          [stack:5713]
a3900000-a3921000 rw-p 00000000 00:00 0 
a3921000-a3a00000 ---p 00000000 00:00 0 
a3a00000-a3a21000 rw-p 00000000 00:00 0 
a3a21000-a3b00000 ---p 00000000 00:00 0 
a3b00000-a3b21000 rw-p 00000000 00:00 0 
a3b21000-a3c00000 ---p 00000000 00:00 0 
a3c0d000-a3c10000 ---p 00000000 00:00 0 
a3c10000-a3c5e000 rw-p 00000000 00:00 0          [stack:5711]
a3c5e000-a3c61000 ---p 00000000 00:00 0 
a3c61000-a3caf000 rw-p 00000000 00:00 0          [stack:5709]
a3caf000-a3cb2000 ---p 00000000 00:00 0 
a3cb2000-a3d00000 rw-p 00000000 00:00 0          [stack:5708]
a3d00000-a3d21000 rw-p 00000000 00:00 0 
a3d21000-a3e00000 ---p 00000000 00:00 0 
a3e32000-a3e33000 ---p 00000000 00:00 0 
a3e33000-a3f02000 rw-p 00000000 00:00 0          [stack:5707]
a3f02000-a40d8000 r--s 03caa000 08:01 143113     /usr/lib/jvm/java-8-oracle/jre/lib/rt.jar
a40d8000-a4379000 rw-p 00000000 00:00 0 
a4379000-a457f000 ---p 00000000 00:00 0 
a457f000-a4582000 rw-p 00000000 00:00 0 
a4582000-a45a9000 ---p 00000000 00:00 0 
a45a9000-a45af000 rw-p 00000000 00:00 0 
a45af000-a45ff000 ---p 00000000 00:00 0 
a45ff000-a4b50000 rw-p 00000000 00:00 0 
a4b50000-a9b50000 ---p 00000000 00:00 0 
a9b50000-aa600000 rw-p 00000000 00:00 0 
aa600000-b4600000 ---p 00000000 00:00 0 
b4601000-b4630000 rw-p 00000000 00:00 0 
b4630000-b4680000 ---p 00000000 00:00 0 
b4680000-b4683000 rw-p 00000000 00:00 0 
b4683000-b4700000 ---p 00000000 00:00 0 
b4700000-b47a8000 rwxp 00000000 00:00 0 
b47a8000-b6700000 ---p 00000000 00:00 0 
b6700000-b6900000 r--p 00000000 08:01 1058701    /usr/lib/locale/locale-archive
b6900000-b69c2000 rw-p 00000000 00:00 0 
b69c2000-b6a00000 ---p 00000000 00:00 0 
b6a01000-b6a1a000 r-xp 00000000 08:01 140557     /usr/lib/jvm/java-8-oracle/jre/lib/i386/libzip.so
b6a1a000-b6a1b000 rw-p 00018000 08:01 140557     /usr/lib/jvm/java-8-oracle/jre/lib/i386/libzip.so
b6a1b000-b6a26000 r-xp 00000000 08:01 658428     /lib/i386-linux-gnu/libnss_files-2.19.so
b6a26000-b6a27000 r--p 0000a000 08:01 658428     /lib/i386-linux-gnu/libnss_files-2.19.so
b6a27000-b6a28000 rw-p 0000b000 08:01 658428     /lib/i386-linux-gnu/libnss_files-2.19.so
b6a28000-b6a32000 r-xp 00000000 08:01 658435     /lib/i386-linux-gnu/libnss_nis-2.19.so
b6a32000-b6a33000 r--p 00009000 08:01 658435     /lib/i386-linux-gnu/libnss_nis-2.19.so
b6a33000-b6a34000 rw-p 0000a000 08:01 658435     /lib/i386-linux-gnu/libnss_nis-2.19.so
b6a34000-b6a49000 r-xp 00000000 08:01 658432     /lib/i386-linux-gnu/libnsl-2.19.so
b6a49000-b6a4a000 r--p 00015000 08:01 658432     /lib/i386-linux-gnu/libnsl-2.19.so
b6a4a000-b6a4b000 rw-p 00016000 08:01 658432     /lib/i386-linux-gnu/libnsl-2.19.so
b6a4b000-b6a4d000 rw-p 00000000 00:00 0 
b6a63000-b6a65000 rw-p 00000000 00:00 0 
b6a65000-b6a6d000 rw-s 00000000 08:01 787683     /tmp/hsperfdata_tawsif/5700
b6a6d000-b6aa4000 r-xp 00000000 08:01 140604     /usr/lib/jvm/java-8-oracle/jre/lib/i386/libjdwp.so
b6aa4000-b6aa5000 rw-p 00037000 08:01 140604     /usr/lib/jvm/java-8-oracle/jre/lib/i386/libjdwp.so
b6aa5000-b6ac9000 r-xp 00000000 08:01 140606     /usr/lib/jvm/java-8-oracle/jre/lib/i386/libjava.so
b6ac9000-b6aca000 rw-p 00023000 08:01 140606     /usr/lib/jvm/java-8-oracle/jre/lib/i386/libjava.so
b6aca000-b6ad1000 r-xp 00000000 08:01 658443     /lib/i386-linux-gnu/librt-2.19.so
b6ad1000-b6ad2000 r--p 00006000 08:01 658443     /lib/i386-linux-gnu/librt-2.19.so
b6ad2000-b6ad3000 rw-p 00007000 08:01 658443     /lib/i386-linux-gnu/librt-2.19.so
b6ad3000-b6ad6000 ---p 00000000 00:00 0 
b6ad6000-b6b24000 rw-p 00000000 00:00 0          [stack:5706]
b6b24000-b6b68000 r-xp 00000000 08:01 658429     /lib/i386-linux-gnu/libm-2.19.so
b6b68000-b6b69000 r--p 00043000 08:01 658429     /lib/i386-linux-gnu/libm-2.19.so
b6b69000-b6b6a000 rw-p 00044000 08:01 658429     /lib/i386-linux-gnu/libm-2.19.so
b6b6a000-b717c000 r-xp 00000000 08:01 140591     /usr/lib/jvm/java-8-oracle/jre/lib/i386/client/libjvm.so
b717c000-b71a1000 rw-p 00612000 08:01 140591     /usr/lib/jvm/java-8-oracle/jre/lib/i386/client/libjvm.so
b71a1000-b75c3000 rw-p 00000000 00:00 0 
b75c3000-b776c000 r-xp 00000000 08:01 658426     /lib/i386-linux-gnu/libc-2.19.so
b776c000-b776e000 r--p 001a8000 08:01 658426     /lib/i386-linux-gnu/libc-2.19.so
b776e000-b776f000 rw-p 001aa000 08:01 658426     /lib/i386-linux-gnu/libc-2.19.so
b776f000-b7772000 rw-p 00000000 00:00 0 
b7772000-b7775000 r-xp 00000000 08:01 658439     /lib/i386-linux-gnu/libdl-2.19.so
b7775000-b7776000 r--p 00002000 08:01 658439     /lib/i386-linux-gnu/libdl-2.19.so
b7776000-b7777000 rw-p 00003000 08:01 658439     /lib/i386-linux-gnu/libdl-2.19.so
b7777000-b778b000 r-xp 00000000 08:01 140585     /usr/lib/jvm/java-8-oracle/jre/lib/i386/jli/libjli.so
b778b000-b778c000 rw-p 00013000 08:01 140585     /usr/lib/jvm/java-8-oracle/jre/lib/i386/jli/libjli.so
b778c000-b778d000 rw-p 00000000 00:00 0 
b778d000-b77a5000 r-xp 00000000 08:01 658442     /lib/i386-linux-gnu/libpthread-2.19.so
b77a5000-b77a6000 r--p 00017000 08:01 658442     /lib/i386-linux-gnu/libpthread-2.19.so
b77a6000-b77a7000 rw-p 00018000 08:01 658442     /lib/i386-linux-gnu/libpthread-2.19.so
b77a7000-b77aa000 rw-p 00000000 00:00 0 
b77aa000-b77ad000 r-xp 00000000 08:01 140562     /usr/lib/jvm/java-8-oracle/jre/lib/i386/libdt_socket.so
b77ad000-b77ae000 rw-p 00003000 08:01 140562     /usr/lib/jvm/java-8-oracle/jre/lib/i386/libdt_socket.so
b77ae000-b77b5000 r-xp 00000000 08:01 658436     /lib/i386-linux-gnu/libnss_compat-2.19.so
b77b5000-b77b6000 r--p 00006000 08:01 658436     /lib/i386-linux-gnu/libnss_compat-2.19.so
b77b6000-b77b7000 rw-p 00007000 08:01 658436     /lib/i386-linux-gnu/libnss_compat-2.19.so
b77b7000-b77b8000 r--p 00855000 08:01 1058701    /usr/lib/locale/locale-archive
b77b8000-b77ba000 r-xp 00000000 08:01 140574     /usr/lib/jvm/java-8-oracle/jre/lib/i386/libnpt.so
b77ba000-b77bb000 rw-p 00001000 08:01 140574     /usr/lib/jvm/java-8-oracle/jre/lib/i386/libnpt.so
b77bb000-b77bc000 rw-p 00000000 00:00 0 
b77bc000-b77bd000 r--p 00000000 00:00 0 
b77bd000-b77c8000 r-xp 00000000 08:01 140621     /usr/lib/jvm/java-8-oracle/jre/lib/i386/libverify.so
b77c8000-b77c9000 rw-p 0000b000 08:01 140621     /usr/lib/jvm/java-8-oracle/jre/lib/i386/libverify.so
b77c9000-b77cb000 rw-p 00000000 00:00 0 
b77cb000-b77cc000 r-xp 00000000 00:00 0          [vdso]
b77cc000-b77ec000 r-xp 00000000 08:01 658425     /lib/i386-linux-gnu/ld-2.19.so
b77ec000-b77ed000 r--p 0001f000 08:01 658425     /lib/i386-linux-gnu/ld-2.19.so
b77ed000-b77ee000 rw-p 00020000 08:01 658425     /lib/i386-linux-gnu/ld-2.19.so
bfe25000-bfe26000 rwxp 00000000 00:00 0 
bfe58000-bfe79000 rw-p 00000000 00:00 0          [stack]

VM Arguments:
jvm_args: -agentlib:jdwp=transport=dt_socket,suspend=y,address=localhost:32993 -Dfile.encoding=UTF-8 
java_command: org.iit.algorithm.KMPAlgorithm
java_class_path (initial): /home/tawsif/workspace/CSE301/bin
Launcher Type: SUN_STANDARD

Environment Variables:
JAVA_HOME=/usr/lib/jvm/java-8-oracle
PATH=/usr/local/sbin:/usr/local/bin:/usr/sbin:/usr/bin:/sbin:/bin:/usr/games:/usr/local/games:/usr/lib/jvm/java-8-oracle/bin:/usr/lib/jvm/java-8-oracle/db/bin:/usr/lib/jvm/java-8-oracle/jre/bin
LD_LIBRARY_PATH=/usr/lib/jvm/java-8-oracle/jre/lib/i386/client:/usr/lib/jvm/java-8-oracle/jre/lib/i386:
SHELL=/bin/bash
DISPLAY=:0

Signal Handlers:
SIGSEGV: [libjvm.so+0x5847e0], sa_mask[0]=11111111011111111101111111111110, sa_flags=SA_RESTART|SA_SIGINFO
SIGBUS: [libjvm.so+0x5847e0], sa_mask[0]=11111111011111111101111111111110, sa_flags=SA_RESTART|SA_SIGINFO
SIGFPE: [libjvm.so+0x46cdb0], sa_mask[0]=11111111011111111101111111111110, sa_flags=SA_RESTART|SA_SIGINFO
SIGPIPE: [libjvm.so+0x46cdb0], sa_mask[0]=11111111011111111101111111111110, sa_flags=SA_RESTART|SA_SIGINFO
SIGXFSZ: [libjvm.so+0x46cdb0], sa_mask[0]=11111111011111111101111111111110, sa_flags=SA_RESTART|SA_SIGINFO
SIGILL: [libjvm.so+0x46cdb0], sa_mask[0]=11111111011111111101111111111110, sa_flags=SA_RESTART|SA_SIGINFO
SIGUSR1: SIG_DFL, sa_mask[0]=00000000000000000000000000000000, sa_flags=none
SIGUSR2: [libjvm.so+0x46e560], sa_mask[0]=00100000000000000000000000000000, sa_flags=SA_RESTART|SA_SIGINFO
SIGHUP: [libjvm.so+0x46fa60], sa_mask[0]=11111111011111111101111111111110, sa_flags=SA_RESTART|SA_SIGINFO
SIGINT: [libjvm.so+0x46fa60], sa_mask[0]=11111111011111111101111111111110, sa_flags=SA_RESTART|SA_SIGINFO
SIGTERM: [libjvm.so+0x46fa60], sa_mask[0]=11111111011111111101111111111110, sa_flags=SA_RESTART|SA_SIGINFO
SIGQUIT: [libjvm.so+0x46fa60], sa_mask[0]=11111111011111111101111111111110, sa_flags=SA_RESTART|SA_SIGINFO


---------------  S Y S T E M  ---------------

OS:DISTRIB_ID=Ubuntu
DISTRIB_RELEASE=14.04
DISTRIB_CODENAME=trusty
DISTRIB_DESCRIPTION="Ubuntu 14.04.1 LTS"

uname:Linux 3.13.0-44-generic #73-Ubuntu SMP Tue Dec 16 00:23:46 UTC 2014 i686
libc:glibc 2.19 NPTL 2.19 
rlimit: STACK 8192k, CORE 0k, NPROC 11985, NOFILE 4096, AS infinity
load average:0.39 0.25 0.24

/proc/meminfo:
MemTotal:        1560880 kB
MemFree:          108380 kB
Buffers:           63116 kB
Cached:           295044 kB
SwapCached:         2700 kB
Active:           630204 kB
Inactive:         654600 kB
Active(anon):     465812 kB
Inactive(anon):   482280 kB
Active(file):     164392 kB
Inactive(file):   172320 kB
Unevictable:           0 kB
Mlocked:               0 kB
HighTotal:        675720 kB
HighFree:          26456 kB
LowTotal:         885160 kB
LowFree:           81924 kB
SwapTotal:       2094076 kB
SwapFree:        2091044 kB
Dirty:                28 kB
Writeback:             0 kB
AnonPages:        923972 kB
Mapped:           136124 kB
Shmem:             21420 kB
Slab:             114260 kB
SReclaimable:      94484 kB
SUnreclaim:        19776 kB
KernelStack:        3832 kB
PageTables:         9656 kB
NFS_Unstable:          0 kB
Bounce:                0 kB
WritebackTmp:          0 kB
CommitLimit:     2874516 kB
Committed_AS:    3364736 kB
VmallocTotal:     122880 kB
VmallocUsed:       24960 kB
VmallocChunk:      93392 kB
HardwareCorrupted:     0 kB
AnonHugePages:    501760 kB
HugePages_Total:       0
HugePages_Free:        0
HugePages_Rsvd:        0
HugePages_Surp:        0
Hugepagesize:       2048 kB
DirectMap4k:       36856 kB
DirectMap2M:      876544 kB


CPU:total 4 (2 cores per cpu, 1 threads per core) family 6 model 60 stepping 3, cmov, cx8, fxsr, mmx, sse, sse2, sse3, ssse3, sse4.1, sse4.2, popcnt, avx, aes, clmul, erms, tsc, tscinvbit

/proc/cpuinfo:
processor	: 0
vendor_id	: GenuineIntel
cpu family	: 6
model		: 60
model name	: Intel(R) Core(TM) i7-4700MQ CPU @ 2.40GHz
stepping	: 3
microcode	: 0x1a
cpu MHz		: 2394.464
cache size	: 6144 KB
physical id	: 0
siblings	: 2
core id		: 0
cpu cores	: 2
apicid		: 0
initial apicid	: 0
fdiv_bug	: no
f00f_bug	: no
coma_bug	: no
fpu		: yes
fpu_exception	: yes
cpuid level	: 13
wp		: yes
flags		: fpu vme de pse tsc msr pae mce cx8 apic sep mtrr pge mca cmov pat pse36 clflush dts mmx fxsr sse sse2 ss ht nx pdpe1gb rdtscp lm constant_tsc arch_perfmon pebs bts xtopology tsc_reliable nonstop_tsc aperfmperf eagerfpu pni pclmulqdq vmx ssse3 fma cx16 pcid sse4_1 sse4_2 x2apic movbe popcnt aes xsave avx f16c rdrand hypervisor lahf_lm ida arat epb xsaveopt pln pts dtherm tpr_shadow vnmi ept vpid fsgsbase smep
bogomips	: 4788.92
clflush size	: 64
cache_alignment	: 64
address sizes	: 40 bits physical, 48 bits virtual
power management:

processor	: 1
vendor_id	: GenuineIntel
cpu family	: 6
model		: 60
model name	: Intel(R) Core(TM) i7-4700MQ CPU @ 2.40GHz
stepping	: 3
microcode	: 0x1a
cpu MHz		: 2394.464
cache size	: 6144 KB
physical id	: 0
siblings	: 2
core id		: 1
cpu cores	: 2
apicid		: 1
initial apicid	: 1
fdiv_bug	: no
f00f_bug	: no
coma_bug	: no
fpu		: yes
fpu_exception	: yes
cpuid level	: 13
wp		: yes
flags		: fpu vme de pse tsc msr pae mce cx8 apic sep mtrr pge mca cmov pat pse36 clflush dts mmx fxsr sse sse2 ss ht nx pdpe1gb rdtscp lm constant_tsc arch_perfmon pebs bts xtopology tsc_reliable nonstop_tsc aperfmperf eagerfpu pni pclmulqdq vmx ssse3 fma cx16 pcid sse4_1 sse4_2 x2apic movbe popcnt aes xsave avx f16c rdrand hypervisor lahf_lm ida arat epb xsaveopt pln pts dtherm tpr_shadow vnmi ept vpid fsgsbase smep
bogomips	: 4788.92
clflush size	: 64
cache_alignment	: 64
address sizes	: 40 bits physical, 48 bits virtual
power management:

processor	: 2
vendor_id	: GenuineIntel
cpu family	: 6
model		: 60
model name	: Intel(R) Core(TM) i7-4700MQ CPU @ 2.40GHz
stepping	: 3
microcode	: 0x1a
cpu MHz		: 2394.464
cache size	: 6144 KB
physical id	: 1
siblings	: 2
core id		: 0
cpu cores	: 2
apicid		: 2
initial apicid	: 2
fdiv_bug	: no
f00f_bug	: no
coma_bug	: no
fpu		: yes
fpu_exception	: yes
cpuid level	: 13
wp		: yes
flags		: fpu vme de pse tsc msr pae mce cx8 apic sep mtrr pge mca cmov pat pse36 clflush dts mmx fxsr sse sse2 ss ht nx pdpe1gb rdtscp lm constant_tsc arch_perfmon pebs bts xtopology tsc_reliable nonstop_tsc aperfmperf eagerfpu pni pclmulqdq vmx ssse3 fma cx16 pcid sse4_1 sse4_2 x2apic movbe popcnt aes xsave avx f16c rdrand hypervisor lahf_lm ida arat epb xsaveopt pln pts dtherm tpr_shadow vnmi ept vpid fsgsbase smep
bogomips	: 4788.92
clflush size	: 64
cache_alignment	: 64
address sizes	: 40 bits physical, 48 bits virtual
power management:

processor	: 3
vendor_id	: GenuineIntel
cpu family	: 6
model		: 60
model name	: Intel(R) Core(TM) i7-4700MQ CPU @ 2.40GHz
stepping	: 3
microcode	: 0x1a
cpu MHz		: 2394.464
cache size	: 6144 KB
physical id	: 1
siblings	: 2
core id		: 1
cpu cores	: 2
apicid		: 3
initial apicid	: 3
fdiv_bug	: no
f00f_bug	: no
coma_bug	: no
fpu		: yes
fpu_exception	: yes
cpuid level	: 13
wp		: yes
flags		: fpu vme de pse tsc msr pae mce cx8 apic sep mtrr pge mca cmov pat pse36 clflush dts mmx fxsr sse sse2 ss ht nx pdpe1gb rdtscp lm constant_tsc arch_perfmon pebs bts xtopology tsc_reliable nonstop_tsc aperfmperf eagerfpu pni pclmulqdq vmx ssse3 fma cx16 pcid sse4_1 sse4_2 x2apic movbe popcnt aes xsave avx f16c rdrand hypervisor lahf_lm ida arat epb xsaveopt pln pts dtherm tpr_shadow vnmi ept vpid fsgsbase smep
bogomips	: 4788.92
clflush size	: 64
cache_alignment	: 64
address sizes	: 40 bits physical, 48 bits virtual
power management:



Memory: 4k page, physical 1560880k(108380k free), swap 2094076k(2091044k free)

vm_info: Java HotSpot(TM) Client VM (25.25-b02) for linux-x86 JRE (1.8.0_25-b17), built on Sep 17 2014 16:20:48 by "java_re" with gcc 4.3.0 20080428 (Red Hat 4.3.0-8)

time: Tue Mar 10 15:33:04 2015
elapsed time: 1087 seconds (0d 0h 18m 7s)

